core   0: 0x00001000 (0x00000297) auipc   x5, 0x0
core   0: 3 0x00001000 (0x00000297) x5  0x00001000
core   1: 0x00001000 (0x00000297) auipc   x5, 0x0
core   1: 3 0x00001000 (0x00000297) x5  0x00001000
core   2: 0x00001000 (0x00000297) auipc   x5, 0x0
core   2: 3 0x00001000 (0x00000297) x5  0x00001000
core   3: 0x00001000 (0x00000297) auipc   x5, 0x0
core   3: 3 0x00001000 (0x00000297) x5  0x00001000
core   0: 0x00001004 (0x02028593) addi    x11, x5, 32
core   0: 3 0x00001004 (0x02028593) x11 0x00001020
core   1: 0x00001004 (0x02028593) addi    x11, x5, 32
core   1: 3 0x00001004 (0x02028593) x11 0x00001020
core   2: 0x00001004 (0x02028593) addi    x11, x5, 32
core   2: 3 0x00001004 (0x02028593) x11 0x00001020
core   3: 0x00001004 (0x02028593) addi    x11, x5, 32
core   3: 3 0x00001004 (0x02028593) x11 0x00001020
core   0: 0x00001008 (0xf1402573) csrr    x10, mhartid
core   0: 3 0x00001008 (0xf1402573) x10 0x00000000
core   1: 0x00001008 (0xf1402573) csrr    x10, mhartid
core   1: 3 0x00001008 (0xf1402573) x10 0x00000001
core   2: 0x00001008 (0xf1402573) csrr    x10, mhartid
core   2: 3 0x00001008 (0xf1402573) x10 0x00000002
core   3: 0x00001008 (0xf1402573) csrr    x10, mhartid
core   3: 3 0x00001008 (0xf1402573) x10 0x00000003
core   0: 0x0000100c (0x0182a283) lw      x5, 24(x5)
core   0: 3 0x0000100c (0x0182a283) x5  0x80000000 mem 0x00001018
core   1: 0x0000100c (0x0182a283) lw      x5, 24(x5)
core   1: 3 0x0000100c (0x0182a283) x5  0x80000000 mem 0x00001018
core   2: 0x0000100c (0x0182a283) lw      x5, 24(x5)
core   2: 3 0x0000100c (0x0182a283) x5  0x80000000 mem 0x00001018
core   3: 0x0000100c (0x0182a283) lw      x5, 24(x5)
core   3: 3 0x0000100c (0x0182a283) x5  0x80000000 mem 0x00001018
core   0: 0x00001010 (0x00028067) jr      x5
core   0: 3 0x00001010 (0x00028067)
core   1: 0x00001010 (0x00028067) jr      x5
core   1: 3 0x00001010 (0x00028067)
core   2: 0x00001010 (0x00028067) jr      x5
core   2: 3 0x00001010 (0x00028067)
core   3: 0x00001010 (0x00028067) jr      x5
core   3: 3 0x00001010 (0x00028067)
core   0: 0x80000000 (0x00004197) auipc   x3, 0x4
core   0: 3 0x80000000 (0x00004197) x3  0x80004000
core   1: 0x80000000 (0x00004197) auipc   x3, 0x4
core   1: 3 0x80000000 (0x00004197) x3  0x80004000
core   2: 0x80000000 (0x00004197) auipc   x3, 0x4
core   2: 3 0x80000000 (0x00004197) x3  0x80004000
core   3: 0x80000000 (0x00004197) auipc   x3, 0x4
core   3: 3 0x80000000 (0x00004197) x3  0x80004000
core   0: 0x80000004 (0x80818193) addi    x3, x3, -2040
core   0: 3 0x80000004 (0x80818193) x3  0x80003808
core   1: 0x80000004 (0x80818193) addi    x3, x3, -2040
core   1: 3 0x80000004 (0x80818193) x3  0x80003808
core   2: 0x80000004 (0x80818193) addi    x3, x3, -2040
core   2: 3 0x80000004 (0x80818193) x3  0x80003808
core   3: 0x80000004 (0x80818193) addi    x3, x3, -2040
core   3: 3 0x80000004 (0x80818193) x3  0x80003808
core   0: 0x80000008 (0x02000e93) li      x29, 32
core   0: 3 0x80000008 (0x02000e93) x29 0x00000020
core   1: 0x80000008 (0x02000e93) li      x29, 32
core   1: 3 0x80000008 (0x02000e93) x29 0x00000020
core   2: 0x80000008 (0x02000e93) li      x29, 32
core   2: 3 0x80000008 (0x02000e93) x29 0x00000020
core   3: 0x80000008 (0x02000e93) li      x29, 32
core   3: 3 0x80000008 (0x02000e93) x29 0x00000020
core   0: 0x8000000c (0x0d0efed7) vsetvli x29, x29, e32, m1, ta, ma
core   0: 3 0x8000000c (0x0d0efed7) x29 0x00000020 c8_vstart 0x00000000 c3104_vl 0x00000020 c3105_vtype 0x000000d0 c768_mstatus 0x80000600
core   1: 0x8000000c (0x0d0efed7) vsetvli x29, x29, e32, m1, ta, ma
core   1: 3 0x8000000c (0x0d0efed7) x29 0x00000020 c8_vstart 0x00000000 c3104_vl 0x00000020 c3105_vtype 0x000000d0 c768_mstatus 0x80000600
core   2: 0x8000000c (0x0d0efed7) vsetvli x29, x29, e32, m1, ta, ma
core   2: 3 0x8000000c (0x0d0efed7) x29 0x00000020 c8_vstart 0x00000000 c3104_vl 0x00000020 c3105_vtype 0x000000d0 c768_mstatus 0x80000600
core   3: 0x8000000c (0x0d0efed7) vsetvli x29, x29, e32, m1, ta, ma
core   3: 3 0x8000000c (0x0d0efed7) x29 0x00000020 c8_vstart 0x00000000 c3104_vl 0x00000020 c3105_vtype 0x000000d0 c768_mstatus 0x80000600
core   0: 0x80000010 (0x00002eb7) lui     x29, 0x2
core   0: 3 0x80000010 (0x00002eb7) x29 0x00002000
core   1: 0x80000010 (0x00002eb7) lui     x29, 0x2
core   1: 3 0x80000010 (0x00002eb7) x29 0x00002000
core   2: 0x80000010 (0x00002eb7) lui     x29, 0x2
core   2: 3 0x80000010 (0x00002eb7) x29 0x00002000
core   3: 0x80000010 (0x00002eb7) lui     x29, 0x2
core   3: 3 0x80000010 (0x00002eb7) x29 0x00002000
core   0: 0x80000014 (0x300eaef3) csrrs   x29, mstatus, x29
core   0: 3 0x80000014 (0x300eaef3) x29 0x80000600 c768_mstatus 0x80006600
core   1: 0x80000014 (0x300eaef3) csrrs   x29, mstatus, x29
core   1: 3 0x80000014 (0x300eaef3) x29 0x80000600 c768_mstatus 0x80006600
core   2: 0x80000014 (0x300eaef3) csrrs   x29, mstatus, x29
core   2: 3 0x80000014 (0x300eaef3) x29 0x80000600 c768_mstatus 0x80006600
core   3: 0x80000014 (0x300eaef3) csrrs   x29, mstatus, x29
core   3: 3 0x80000014 (0x300eaef3) x29 0x80000600 c768_mstatus 0x80006600
core   0: 0x80000018 (0x00000e93) li      x29, 0
core   0: 3 0x80000018 (0x00000e93) x29 0x00000000
core   1: 0x80000018 (0x00000e93) li      x29, 0
core   1: 3 0x80000018 (0x00000e93) x29 0x00000000
core   2: 0x80000018 (0x00000e93) li      x29, 0
core   2: 3 0x80000018 (0x00000e93) x29 0x00000000
core   3: 0x80000018 (0x00000e93) li      x29, 0
core   3: 3 0x80000018 (0x00000e93) x29 0x00000000
core   0: 0x8000001c (0x80502373) csrr    x6, wid
core   0: 3 0x8000001c (0x80502373) x6  0x00000000
core   1: 0x8000001c (0x80502373) csrr    x6, wid
core   1: 3 0x8000001c (0x80502373) x6  0x00000001
core   2: 0x8000001c (0x80502373) csrr    x6, wid
core   2: 3 0x8000001c (0x80502373) x6  0x00000002
core   3: 0x8000001c (0x80502373) csrr    x6, wid
core   3: 3 0x8000001c (0x80502373) x6  0x00000003
core   0: 0x80000020 (0x806023f3) csrr    x7, lds
core   0: 3 0x80000020 (0x806023f3) x7  0x70000000
core   1: 0x80000020 (0x806023f3) csrr    x7, lds
core   1: 3 0x80000020 (0x806023f3) x7  0x70000000
core   2: 0x80000020 (0x806023f3) csrr    x7, lds
core   2: 3 0x80000020 (0x806023f3) x7  0x70000000
core   3: 0x80000020 (0x806023f3) csrr    x7, lds
core   3: 3 0x80000020 (0x806023f3) x7  0x70000000
core   0: 0x80000024 (0x40000e13) li      x28, 1024
core   0: 3 0x80000024 (0x40000e13) x28 0x00000400
core   1: 0x80000024 (0x40000e13) li      x28, 1024
core   1: 3 0x80000024 (0x40000e13) x28 0x00000400
core   2: 0x80000024 (0x40000e13) li      x28, 1024
core   2: 3 0x80000024 (0x40000e13) x28 0x00000400
core   3: 0x80000024 (0x40000e13) li      x28, 1024
core   3: 3 0x80000024 (0x40000e13) x28 0x00000400
core   0: 0x80000028 (0x03c30333) mul     x6, x6, x28
core   0: 3 0x80000028 (0x03c30333) x6  0x00000000
core   1: 0x80000028 (0x03c30333) mul     x6, x6, x28
core   1: 3 0x80000028 (0x03c30333) x6  0x00000400
core   2: 0x80000028 (0x03c30333) mul     x6, x6, x28
core   2: 3 0x80000028 (0x03c30333) x6  0x00000800
core   3: 0x80000028 (0x03c30333) mul     x6, x6, x28
core   3: 3 0x80000028 (0x03c30333) x6  0x00000c00
core   0: 0x8000002c (0x00730133) add     x2, x6, x7
core   0: 3 0x8000002c (0x00730133) x2  0x70000000
core   1: 0x8000002c (0x00730133) add     x2, x6, x7
core   1: 3 0x8000002c (0x00730133) x2  0x70000400
core   2: 0x8000002c (0x00730133) add     x2, x6, x7
core   2: 3 0x8000002c (0x00730133) x2  0x70000800
core   3: 0x8000002c (0x00730133) add     x2, x6, x7
core   3: 3 0x8000002c (0x00730133) x2  0x70000c00
core   0: 0x80000030 (0x00000213) li      x4, 0
core   0: 3 0x80000030 (0x00000213) x4  0x00000000
core   1: 0x80000030 (0x00000213) li      x4, 0
core   1: 3 0x80000030 (0x00000213) x4  0x00000000
core   2: 0x80000030 (0x00000213) li      x4, 0
core   2: 3 0x80000030 (0x00000213) x4  0x00000000
core   3: 0x80000030 (0x00000213) li      x4, 0
core   3: 3 0x80000030 (0x00000213) x4  0x00000000
core   0: 0x80000034 (0x80102f73) csrr    x30, numw
core   0: 3 0x80000034 (0x80102f73) x30 0x00000004
core   1: 0x80000034 (0x80102f73) csrr    x30, numw
core   1: 3 0x80000034 (0x80102f73) x30 0x00000004
core   2: 0x80000034 (0x80102f73) csrr    x30, numw
core   2: 3 0x80000034 (0x80102f73) x30 0x00000004
core   3: 0x80000034 (0x80102f73) csrr    x30, numw
core   3: 3 0x80000034 (0x80102f73) x30 0x00000004
core   0: 0x80000038 (0x40000e13) li      x28, 1024
core   0: 3 0x80000038 (0x40000e13) x28 0x00000400
core   1: 0x80000038 (0x40000e13) li      x28, 1024
core   1: 3 0x80000038 (0x40000e13) x28 0x00000400
core   2: 0x80000038 (0x40000e13) li      x28, 1024
core   2: 3 0x80000038 (0x40000e13) x28 0x00000400
core   3: 0x80000038 (0x40000e13) li      x28, 1024
core   3: 3 0x80000038 (0x40000e13) x28 0x00000400
core   0: 0x8000003c (0x03cf0f33) mul     x30, x30, x28
core   0: 3 0x8000003c (0x03cf0f33) x30 0x00001000
core   1: 0x8000003c (0x03cf0f33) mul     x30, x30, x28
core   1: 3 0x8000003c (0x03cf0f33) x30 0x00001000
core   2: 0x8000003c (0x03cf0f33) mul     x30, x30, x28
core   2: 3 0x8000003c (0x03cf0f33) x30 0x00001000
core   3: 0x8000003c (0x03cf0f33) mul     x30, x30, x28
core   3: 3 0x8000003c (0x03cf0f33) x30 0x00001000
core   0: 0x80000040 (0x01e38433) add     x8, x7, x30
core   0: 3 0x80000040 (0x01e38433) x8  0x70001000
core   1: 0x80000040 (0x01e38433) add     x8, x7, x30
core   1: 3 0x80000040 (0x01e38433) x8  0x70001000
core   2: 0x80000040 (0x01e38433) add     x8, x7, x30
core   2: 3 0x80000040 (0x01e38433) x8  0x70001000
core   3: 0x80000040 (0x01e38433) add     x8, x7, x30
core   3: 3 0x80000040 (0x01e38433) x8  0x70001000
core   0: 0x80000044 (0x00003517) auipc   x10, 0x3
core   0: 3 0x80000044 (0x00003517) x10 0x80003044
core   1: 0x80000044 (0x00003517) auipc   x10, 0x3
core   1: 3 0x80000044 (0x00003517) x10 0x80003044
core   2: 0x80000044 (0x00003517) auipc   x10, 0x3
core   2: 3 0x80000044 (0x00003517) x10 0x80003044
core   3: 0x80000044 (0x00003517) auipc   x10, 0x3
core   3: 3 0x80000044 (0x00003517) x10 0x80003044
core   0: 0x80000048 (0xfc450513) addi    x10, x10, -60
core   0: 3 0x80000048 (0xfc450513) x10 0x80003008
core   1: 0x80000048 (0xfc450513) addi    x10, x10, -60
core   1: 3 0x80000048 (0xfc450513) x10 0x80003008
core   2: 0x80000048 (0xfc450513) addi    x10, x10, -60
core   2: 3 0x80000048 (0xfc450513) x10 0x80003008
core   3: 0x80000048 (0xfc450513) addi    x10, x10, -60
core   3: 3 0x80000048 (0xfc450513) x10 0x80003008
core   0: 0x8000004c (0x00003617) auipc   x12, 0x3
core   0: 3 0x8000004c (0x00003617) x12 0x8000304c
core   1: 0x8000004c (0x00003617) auipc   x12, 0x3
core   1: 3 0x8000004c (0x00003617) x12 0x8000304c
core   2: 0x8000004c (0x00003617) auipc   x12, 0x3
core   2: 3 0x8000004c (0x00003617) x12 0x8000304c
core   3: 0x8000004c (0x00003617) auipc   x12, 0x3
core   3: 3 0x8000004c (0x00003617) x12 0x8000304c
core   0: 0x80000050 (0xfbc60613) addi    x12, x12, -68
core   0: 3 0x80000050 (0xfbc60613) x12 0x80003008
core   1: 0x80000050 (0xfbc60613) addi    x12, x12, -68
core   1: 3 0x80000050 (0xfbc60613) x12 0x80003008
core   2: 0x80000050 (0xfbc60613) addi    x12, x12, -68
core   2: 3 0x80000050 (0xfbc60613) x12 0x80003008
core   3: 0x80000050 (0xfbc60613) addi    x12, x12, -68
core   3: 3 0x80000050 (0xfbc60613) x12 0x80003008
core   0: 0x80000054 (0x00c50863) beq     x10, x12, pc + 16
core   0: 3 0x80000054 (0x00c50863)
core   1: 0x80000054 (0x00c50863) beq     x10, x12, pc + 16
core   1: 3 0x80000054 (0x00c50863)
core   2: 0x80000054 (0x00c50863) beq     x10, x12, pc + 16
core   2: 3 0x80000054 (0x00c50863)
core   3: 0x80000054 (0x00c50863) beq     x10, x12, pc + 16
core   3: 3 0x80000054 (0x00c50863)
core   0: 0x80000064 (0x803022f3) csrr    x5, knl
core   0: 3 0x80000064 (0x803022f3) x5  0x90083000
core   1: 0x80000064 (0x803022f3) csrr    x5, knl
core   1: 3 0x80000064 (0x803022f3) x5  0x90083000
core   2: 0x80000064 (0x803022f3) csrr    x5, knl
core   2: 3 0x80000064 (0x803022f3) x5  0x90083000
core   3: 0x80000064 (0x803022f3) csrr    x5, knl
core   3: 3 0x80000064 (0x803022f3) x5  0x90083000
core   0: 0x80000068 (0x0002a303) lw      x6, 0(x5)
core   0: 3 0x80000068 (0x0002a303) x6  0x800000b8 mem 0x90083000
core   1: 0x80000068 (0x0002a303) lw      x6, 0(x5)
core   1: 3 0x80000068 (0x0002a303) x6  0x800000b8 mem 0x90083000
core   2: 0x80000068 (0x0002a303) lw      x6, 0(x5)
core   2: 3 0x80000068 (0x0002a303) x6  0x800000b8 mem 0x90083000
core   3: 0x80000068 (0x0002a303) lw      x6, 0(x5)
core   3: 3 0x80000068 (0x0002a303) x6  0x800000b8 mem 0x90083000
core   0: 0x8000006c (0x0042a503) lw      x10, 4(x5)
core   0: 3 0x8000006c (0x0042a503) x10 0x90002000 mem 0x90083004
core   1: 0x8000006c (0x0042a503) lw      x10, 4(x5)
core   1: 3 0x8000006c (0x0042a503) x10 0x90002000 mem 0x90083004
core   2: 0x8000006c (0x0042a503) lw      x10, 4(x5)
core   2: 3 0x8000006c (0x0042a503) x10 0x90002000 mem 0x90083004
core   3: 0x8000006c (0x0042a503) lw      x10, 4(x5)
core   3: 3 0x8000006c (0x0042a503) x10 0x90002000 mem 0x90083004
core   0: 0x80000070 (0x0302a383) lw      x7, 48(x5)
core   0: 3 0x80000070 (0x0302a383) x7  0x00000000 mem 0x90083030
core   1: 0x80000070 (0x0302a383) lw      x7, 48(x5)
core   1: 3 0x80000070 (0x0302a383) x7  0x00000000 mem 0x90083030
core   2: 0x80000070 (0x0302a383) lw      x7, 48(x5)
core   2: 3 0x80000070 (0x0302a383) x7  0x00000000 mem 0x90083030
core   3: 0x80000070 (0x0302a383) lw      x7, 48(x5)
core   3: 3 0x80000070 (0x0302a383) x7  0x00000000 mem 0x90083030
core   0: 0x80000074 (0x0342ae03) lw      x28, 52(x5)
core   0: 3 0x80000074 (0x0342ae03) x28 0x00000000 mem 0x90083034
core   1: 0x80000074 (0x0342ae03) lw      x28, 52(x5)
core   1: 3 0x80000074 (0x0342ae03) x28 0x00000000 mem 0x90083034
core   2: 0x80000074 (0x0342ae03) lw      x28, 52(x5)
core   2: 3 0x80000074 (0x0342ae03) x28 0x00000000 mem 0x90083034
core   3: 0x80000074 (0x0342ae03) lw      x28, 52(x5)
core   3: 3 0x80000074 (0x0342ae03) x28 0x00000000 mem 0x90083034
core   0: 0x80000078 (0x00003e97) auipc   x29, 0x3
core   0: 3 0x80000078 (0x00003e97) x29 0x80003078
core   1: 0x80000078 (0x00003e97) auipc   x29, 0x3
core   1: 3 0x80000078 (0x00003e97) x29 0x80003078
core   2: 0x80000078 (0x00003e97) auipc   x29, 0x3
core   2: 3 0x80000078 (0x00003e97) x29 0x80003078
core   3: 0x80000078 (0x00003e97) auipc   x29, 0x3
core   3: 3 0x80000078 (0x00003e97) x29 0x80003078
core   0: 0x8000007c (0xf88e8e93) addi    x29, x29, -120
core   0: 3 0x8000007c (0xf88e8e93) x29 0x80003000
core   1: 0x8000007c (0xf88e8e93) addi    x29, x29, -120
core   1: 3 0x8000007c (0xf88e8e93) x29 0x80003000
core   2: 0x8000007c (0xf88e8e93) addi    x29, x29, -120
core   2: 3 0x8000007c (0xf88e8e93) x29 0x80003000
core   3: 0x8000007c (0xf88e8e93) addi    x29, x29, -120
core   3: 3 0x8000007c (0xf88e8e93) x29 0x80003000
core   0: 0x80000080 (0x00003f17) auipc   x30, 0x3
core   0: 3 0x80000080 (0x00003f17) x30 0x80003080
core   1: 0x80000080 (0x00003f17) auipc   x30, 0x3
core   1: 3 0x80000080 (0x00003f17) x30 0x80003080
core   2: 0x80000080 (0x00003f17) auipc   x30, 0x3
core   2: 3 0x80000080 (0x00003f17) x30 0x80003080
core   3: 0x80000080 (0x00003f17) auipc   x30, 0x3
core   3: 3 0x80000080 (0x00003f17) x30 0x80003080
core   0: 0x80000084 (0xf84f0f13) addi    x30, x30, -124
core   0: 3 0x80000084 (0xf84f0f13) x30 0x80003004
core   1: 0x80000084 (0xf84f0f13) addi    x30, x30, -124
core   1: 3 0x80000084 (0xf84f0f13) x30 0x80003004
core   2: 0x80000084 (0xf84f0f13) addi    x30, x30, -124
core   2: 3 0x80000084 (0xf84f0f13) x30 0x80003004
core   3: 0x80000084 (0xf84f0f13) addi    x30, x30, -124
core   3: 3 0x80000084 (0xf84f0f13) x30 0x80003004
core   0: 0x80000088 (0x007ea023) sw      x7, 0(x29)
core   0: 3 0x80000088 (0x007ea023) mem 0x80003000 0x00000000
core   1: 0x80000088 (0x007ea023) sw      x7, 0(x29)
core   1: 3 0x80000088 (0x007ea023) mem 0x80003000 0x00000000
core   2: 0x80000088 (0x007ea023) sw      x7, 0(x29)
core   2: 3 0x80000088 (0x007ea023) mem 0x80003000 0x00000000
core   3: 0x80000088 (0x007ea023) sw      x7, 0(x29)
core   3: 3 0x80000088 (0x007ea023) mem 0x80003000 0x00000000
core   0: 0x8000008c (0x01cf2023) sw      x28, 0(x30)
core   0: 3 0x8000008c (0x01cf2023) mem 0x80003004 0x00000000
core   1: 0x8000008c (0x01cf2023) sw      x28, 0(x30)
core   1: 3 0x8000008c (0x01cf2023) mem 0x80003004 0x00000000
core   2: 0x8000008c (0x01cf2023) sw      x28, 0(x30)
core   2: 3 0x8000008c (0x01cf2023) mem 0x80003004 0x00000000
core   3: 0x8000008c (0x01cf2023) sw      x28, 0(x30)
core   3: 3 0x8000008c (0x01cf2023) mem 0x80003004 0x00000000
core   0: 0x80000090 (0x00000f97) auipc   x31, 0x0
core   0: 3 0x80000090 (0x00000f97) x31 0x80000090
core   1: 0x80000090 (0x00000f97) auipc   x31, 0x0
core   1: 3 0x80000090 (0x00000f97) x31 0x80000090
core   2: 0x80000090 (0x00000f97) auipc   x31, 0x0
core   2: 3 0x80000090 (0x00000f97) x31 0x80000090
core   3: 0x80000090 (0x00000f97) auipc   x31, 0x0
core   3: 3 0x80000090 (0x00000f97) x31 0x80000090
core   0: 0x80000094 (0x018f8f93) addi    x31, x31, 24
core   0: 3 0x80000094 (0x018f8f93) x31 0x800000a8
core   1: 0x80000094 (0x018f8f93) addi    x31, x31, 24
core   1: 3 0x80000094 (0x018f8f93) x31 0x800000a8
core   2: 0x80000094 (0x018f8f93) addi    x31, x31, 24
core   2: 3 0x80000094 (0x018f8f93) x31 0x800000a8
core   3: 0x80000094 (0x018f8f93) addi    x31, x31, 24
core   3: 3 0x80000094 (0x018f8f93) x31 0x800000a8
core   0: 0x80000098 (0x305f9073) csrw    mtvec, x31
core   0: 3 0x80000098 (0x305f9073) c773_mtvec 0x800000a8
core   1: 0x80000098 (0x305f9073) csrw    mtvec, x31
core   1: 3 0x80000098 (0x305f9073) c773_mtvec 0x800000a8
core   2: 0x80000098 (0x305f9073) csrw    mtvec, x31
core   2: 3 0x80000098 (0x305f9073) c773_mtvec 0x800000a8
core   3: 0x80000098 (0x305f9073) csrw    mtvec, x31
core   3: 3 0x80000098 (0x305f9073) c773_mtvec 0x800000a8
core   0: 0x8000009c (0x000300e7) jalr    x6
core   0: 3 0x8000009c (0x000300e7) x1  0x800000a0
core   1: 0x8000009c (0x000300e7) jalr    x6
core   1: 3 0x8000009c (0x000300e7) x1  0x800000a0
core   2: 0x8000009c (0x000300e7) jalr    x6
core   2: 3 0x8000009c (0x000300e7) x1  0x800000a0
core   3: 0x8000009c (0x000300e7) jalr    x6
core   3: 3 0x8000009c (0x000300e7) x1  0x800000a0
core   0: 0x800000b8 (0x00810113) addi    x2, x2, 8
core   0: 3 0x800000b8 (0x00810113) x2  0x70000008
core   1: 0x800000b8 (0x00810113) addi    x2, x2, 8
core   1: 3 0x800000b8 (0x00810113) x2  0x70000408
core   2: 0x800000b8 (0x00810113) addi    x2, x2, 8
core   2: 3 0x800000b8 (0x00810113) x2  0x70000808
core   3: 0x800000b8 (0x00810113) addi    x2, x2, 8
core   3: 3 0x800000b8 (0x00810113) x2  0x70000c08
core   0: 0x800000bc (0x20040413) addi    x8, x8, 512
core   0: 3 0x800000bc (0x20040413) x8  0x70001200
core   1: 0x800000bc (0x20040413) addi    x8, x8, 512
core   1: 3 0x800000bc (0x20040413) x8  0x70001200
core   2: 0x800000bc (0x20040413) addi    x8, x8, 512
core   2: 3 0x800000bc (0x20040413) x8  0x70001200
core   3: 0x800000bc (0x20040413) addi    x8, x8, 512
core   3: 3 0x800000bc (0x20040413) x8  0x70001200
core   0: 0x800000c0 (0xfe112c23) sw      x1, -8(x2)
core   0: 3 0x800000c0 (0xfe112c23) mem 0x70000000 0x800000a0
core   1: 0x800000c0 (0xfe112c23) sw      x1, -8(x2)
core   1: 3 0x800000c0 (0xfe112c23) mem 0x70000400 0x800000a0
core   2: 0x800000c0 (0xfe112c23) sw      x1, -8(x2)
core   2: 3 0x800000c0 (0xfe112c23) mem 0x70000800 0x800000a0
core   3: 0x800000c0 (0xfe112c23) sw      x1, -8(x2)
core   3: 3 0x800000c0 (0xfe112c23) mem 0x70000c00 0x800000a0
core   0: 0x800000c4 (0xfea12e23) sw      x10, -4(x2)
core   0: 3 0x800000c4 (0xfea12e23) mem 0x70000004 0x90002000
core   1: 0x800000c4 (0xfea12e23) sw      x10, -4(x2)
core   1: 3 0x800000c4 (0xfea12e23) mem 0x70000404 0x90002000
core   2: 0x800000c4 (0xfea12e23) sw      x10, -4(x2)
core   2: 3 0x800000c4 (0xfea12e23) mem 0x70000804 0x90002000
core   3: 0x800000c4 (0xfea12e23) sw      x10, -4(x2)
core   3: 3 0x800000c4 (0xfea12e23) mem 0x70000c04 0x90002000
core   0: 0x800000c8 (0x5e004057) vmv.v.x v0, x0
core   0: 3 0x800000c8 (0x5e004057) c8_vstart 0x00000000 e32 m1 l32 v0  ffffffff 0x00000000 00000000 00000000 00000000 00000000 00000000 00000000 00000000 00000000 00000000 00000000 00000000 00000000 00000000 00000000 00000000 00000000 00000000 00000000 00000000 00000000 00000000 00000000 00000000 00000000 00000000 00000000 00000000 00000000 00000000 00000000 00000000 
core   1: 0x800000c8 (0x5e004057) vmv.v.x v0, x0
core   1: 3 0x800000c8 (0x5e004057) c8_vstart 0x00000000 e32 m1 l32 v0  ffffffff 0x00000000 00000000 00000000 00000000 00000000 00000000 00000000 00000000 00000000 00000000 00000000 00000000 00000000 00000000 00000000 00000000 00000000 00000000 00000000 00000000 00000000 00000000 00000000 00000000 00000000 00000000 00000000 00000000 00000000 00000000 00000000 00000000 
core   2: 0x800000c8 (0x5e004057) vmv.v.x v0, x0
core   2: 3 0x800000c8 (0x5e004057) c8_vstart 0x00000000 e32 m1 l32 v0  ffffffff 0x00000000 00000000 00000000 00000000 00000000 00000000 00000000 00000000 00000000 00000000 00000000 00000000 00000000 00000000 00000000 00000000 00000000 00000000 00000000 00000000 00000000 00000000 00000000 00000000 00000000 00000000 00000000 00000000 00000000 00000000 00000000 00000000 
core   3: 0x800000c8 (0x5e004057) vmv.v.x v0, x0
core   3: 3 0x800000c8 (0x5e004057) c8_vstart 0x00000000 e32 m1 l32 v0  ffffffff 0x00000000 00000000 00000000 00000000 00000000 00000000 00000000 00000000 00000000 00000000 00000000 00000000 00000000 00000000 00000000 00000000 00000000 00000000 00000000 00000000 00000000 00000000 00000000 00000000 00000000 00000000 00000000 00000000 00000000 00000000 00000000 00000000 
core   0: 0x800000cc (0x044000ef) jal     pc + 0x44
core   0: 3 0x800000cc (0x044000ef) x1  0x800000d0
core   1: 0x800000cc (0x044000ef) jal     pc + 0x44
core   1: 3 0x800000cc (0x044000ef) x1  0x800000d0
core   2: 0x800000cc (0x044000ef) jal     pc + 0x44
core   2: 3 0x800000cc (0x044000ef) x1  0x800000d0
core   3: 0x800000cc (0x044000ef) jal     pc + 0x44
core   3: 3 0x800000cc (0x044000ef) x1  0x800000d0
core   0: 0x80000110 (0x00410113) addi    x2, x2, 4
core   0: 3 0x80000110 (0x00410113) x2  0x7000000c
core   1: 0x80000110 (0x00410113) addi    x2, x2, 4
core   1: 3 0x80000110 (0x00410113) x2  0x7000040c
core   2: 0x80000110 (0x00410113) addi    x2, x2, 4
core   2: 3 0x80000110 (0x00410113) x2  0x7000080c
core   3: 0x80000110 (0x00410113) addi    x2, x2, 4
core   3: 3 0x80000110 (0x00410113) x2  0x70000c0c
core   0: 0x80000114 (0xfe112e23) sw      x1, -4(x2)
core   0: 3 0x80000114 (0xfe112e23) mem 0x70000008 0x800000d0
core   1: 0x80000114 (0xfe112e23) sw      x1, -4(x2)
core   1: 3 0x80000114 (0xfe112e23) mem 0x70000408 0x800000d0
core   2: 0x80000114 (0xfe112e23) sw      x1, -4(x2)
core   2: 3 0x80000114 (0xfe112e23) mem 0x70000808 0x800000d0
core   3: 0x80000114 (0xfe112e23) sw      x1, -4(x2)
core   3: 3 0x80000114 (0xfe112e23) mem 0x70000c08 0x800000d0
core   0: 0x80000118 (0x00200293) li      x5, 2
core   0: 3 0x80000118 (0x00200293) x5  0x00000002
core   1: 0x80000118 (0x00200293) li      x5, 2
core   1: 3 0x80000118 (0x00200293) x5  0x00000002
core   2: 0x80000118 (0x00200293) li      x5, 2
core   2: 3 0x80000118 (0x00200293) x5  0x00000002
core   3: 0x80000118 (0x00200293) li      x5, 2
core   3: 3 0x80000118 (0x00200293) x5  0x00000002
core   0: 0x8000011c (0x5e02c0d7) vmv.v.x v1, x5
core   0: 3 0x8000011c (0x5e02c0d7) c8_vstart 0x00000000 e32 m1 l32 v1  ffffffff 0x00000002 00000002 00000002 00000002 00000002 00000002 00000002 00000002 00000002 00000002 00000002 00000002 00000002 00000002 00000002 00000002 00000002 00000002 00000002 00000002 00000002 00000002 00000002 00000002 00000002 00000002 00000002 00000002 00000002 00000002 00000002 00000002 
core   1: 0x8000011c (0x5e02c0d7) vmv.v.x v1, x5
core   1: 3 0x8000011c (0x5e02c0d7) c8_vstart 0x00000000 e32 m1 l32 v1  ffffffff 0x00000002 00000002 00000002 00000002 00000002 00000002 00000002 00000002 00000002 00000002 00000002 00000002 00000002 00000002 00000002 00000002 00000002 00000002 00000002 00000002 00000002 00000002 00000002 00000002 00000002 00000002 00000002 00000002 00000002 00000002 00000002 00000002 
core   2: 0x8000011c (0x5e02c0d7) vmv.v.x v1, x5
core   2: 3 0x8000011c (0x5e02c0d7) c8_vstart 0x00000000 e32 m1 l32 v1  ffffffff 0x00000002 00000002 00000002 00000002 00000002 00000002 00000002 00000002 00000002 00000002 00000002 00000002 00000002 00000002 00000002 00000002 00000002 00000002 00000002 00000002 00000002 00000002 00000002 00000002 00000002 00000002 00000002 00000002 00000002 00000002 00000002 00000002 
core   3: 0x8000011c (0x5e02c0d7) vmv.v.x v1, x5
core   3: 3 0x8000011c (0x5e02c0d7) c8_vstart 0x00000000 e32 m1 l32 v1  ffffffff 0x00000002 00000002 00000002 00000002 00000002 00000002 00000002 00000002 00000002 00000002 00000002 00000002 00000002 00000002 00000002 00000002 00000002 00000002 00000002 00000002 00000002 00000002 00000002 00000002 00000002 00000002 00000002 00000002 00000002 00000002 00000002 00000002 
core   0: 0x80000120 (0x00000317) auipc   x6, 0x0
core   0: 3 0x80000120 (0x00000317) x6  0x80000120
core   1: 0x80000120 (0x00000317) auipc   x6, 0x0
core   1: 3 0x80000120 (0x00000317) x6  0x80000120
core   2: 0x80000120 (0x00000317) auipc   x6, 0x0
core   2: 3 0x80000120 (0x00000317) x6  0x80000120
core   3: 0x80000120 (0x00000317) auipc   x6, 0x0
core   3: 3 0x80000120 (0x00000317) x6  0x80000120
core   0: 0x80000124 (0x04c3305b) setrpc  x0, x6, 76
core   0: 3 0x80000124 (0x04c3305b) c2060_rpc 0x8000016c current mask:	ffffffff current npc:	00000000 stack size: 0
core   1: 0x80000124 (0x04c3305b) setrpc  x0, x6, 76
core   1: 3 0x80000124 (0x04c3305b) c2060_rpc 0x8000016c current mask:	ffffffff current npc:	00000000 stack size: 0
core   2: 0x80000124 (0x04c3305b) setrpc  x0, x6, 76
core   2: 3 0x80000124 (0x04c3305b) c2060_rpc 0x8000016c current mask:	ffffffff current npc:	00000000 stack size: 0
core   3: 0x80000124 (0x04c3305b) setrpc  x0, x6, 76
core   3: 3 0x80000124 (0x04c3305b) c2060_rpc 0x8000016c current mask:	ffffffff current npc:	00000000 stack size: 0
core   0: 0x80000128 (0x0200885b) vbeq    v0, v1, pc + 48
core   0: 3 0x80000128 (0x0200885b) c8_vstart 0x00000000 e32 m1 l32 current mask:	ffffffff current npc:	8000012c stack size: 0
core   1: 0x80000128 (0x0200885b) vbeq    v0, v1, pc + 48
core   1: 3 0x80000128 (0x0200885b) c8_vstart 0x00000000 e32 m1 l32 current mask:	ffffffff current npc:	8000012c stack size: 0
core   2: 0x80000128 (0x0200885b) vbeq    v0, v1, pc + 48
core   2: 3 0x80000128 (0x0200885b) c8_vstart 0x00000000 e32 m1 l32 current mask:	ffffffff current npc:	8000012c stack size: 0
core   3: 0x80000128 (0x0200885b) vbeq    v0, v1, pc + 48
core   3: 3 0x80000128 (0x0200885b) c8_vstart 0x00000000 e32 m1 l32 current mask:	ffffffff current npc:	8000012c stack size: 0
core   0: 0x8000012c (0x00100293) li      x5, 1
core   0: 3 0x8000012c (0x00100293) x5  0x00000001
core   1: 0x8000012c (0x00100293) li      x5, 1
core   1: 3 0x8000012c (0x00100293) x5  0x00000001
core   2: 0x8000012c (0x00100293) li      x5, 1
core   2: 3 0x8000012c (0x00100293) x5  0x00000001
core   3: 0x8000012c (0x00100293) li      x5, 1
core   3: 3 0x8000012c (0x00100293) x5  0x00000001
core   0: 0x80000130 (0x5e02c0d7) vmv.v.x v1, x5
core   0: 3 0x80000130 (0x5e02c0d7) c8_vstart 0x00000000 e32 m1 l32 v1  ffffffff 0x00000001 00000001 00000001 00000001 00000001 00000001 00000001 00000001 00000001 00000001 00000001 00000001 00000001 00000001 00000001 00000001 00000001 00000001 00000001 00000001 00000001 00000001 00000001 00000001 00000001 00000001 00000001 00000001 00000001 00000001 00000001 00000001 
core   1: 0x80000130 (0x5e02c0d7) vmv.v.x v1, x5
core   1: 3 0x80000130 (0x5e02c0d7) c8_vstart 0x00000000 e32 m1 l32 v1  ffffffff 0x00000001 00000001 00000001 00000001 00000001 00000001 00000001 00000001 00000001 00000001 00000001 00000001 00000001 00000001 00000001 00000001 00000001 00000001 00000001 00000001 00000001 00000001 00000001 00000001 00000001 00000001 00000001 00000001 00000001 00000001 00000001 00000001 
core   2: 0x80000130 (0x5e02c0d7) vmv.v.x v1, x5
core   2: 3 0x80000130 (0x5e02c0d7) c8_vstart 0x00000000 e32 m1 l32 v1  ffffffff 0x00000001 00000001 00000001 00000001 00000001 00000001 00000001 00000001 00000001 00000001 00000001 00000001 00000001 00000001 00000001 00000001 00000001 00000001 00000001 00000001 00000001 00000001 00000001 00000001 00000001 00000001 00000001 00000001 00000001 00000001 00000001 00000001 
core   3: 0x80000130 (0x5e02c0d7) vmv.v.x v1, x5
core   3: 3 0x80000130 (0x5e02c0d7) c8_vstart 0x00000000 e32 m1 l32 v1  ffffffff 0x00000001 00000001 00000001 00000001 00000001 00000001 00000001 00000001 00000001 00000001 00000001 00000001 00000001 00000001 00000001 00000001 00000001 00000001 00000001 00000001 00000001 00000001 00000001 00000001 00000001 00000001 00000001 00000001 00000001 00000001 00000001 00000001 
core   0: 0x80000134 (0x00000317) auipc   x6, 0x0
core   0: 3 0x80000134 (0x00000317) x6  0x80000134
core   1: 0x80000134 (0x00000317) auipc   x6, 0x0
core   1: 3 0x80000134 (0x00000317) x6  0x80000134
core   2: 0x80000134 (0x00000317) auipc   x6, 0x0
core   2: 3 0x80000134 (0x00000317) x6  0x80000134
core   3: 0x80000134 (0x00000317) auipc   x6, 0x0
core   3: 3 0x80000134 (0x00000317) x6  0x80000134
core   0: 0x80000138 (0x0383305b) setrpc  x0, x6, 56
core   0: 3 0x80000138 (0x0383305b) c2060_rpc 0x8000016c current mask:	ffffffff current npc:	8000012c stack size: 0
core   1: 0x80000138 (0x0383305b) setrpc  x0, x6, 56
core   1: 3 0x80000138 (0x0383305b) c2060_rpc 0x8000016c current mask:	ffffffff current npc:	8000012c stack size: 0
core   2: 0x80000138 (0x0383305b) setrpc  x0, x6, 56
core   2: 3 0x80000138 (0x0383305b) c2060_rpc 0x8000016c current mask:	ffffffff current npc:	8000012c stack size: 0
core   3: 0x80000138 (0x0383305b) setrpc  x0, x6, 56
core   3: 3 0x80000138 (0x0383305b) c2060_rpc 0x8000016c current mask:	ffffffff current npc:	8000012c stack size: 0
core   0: 0x8000013c (0x0200825b) vbeq    v0, v1, pc + 36
core   0: 3 0x8000013c (0x0200825b) c8_vstart 0x00000000 e32 m1 l32 current mask:	ffffffff current npc:	80000140 stack size: 0
core   1: 0x8000013c (0x0200825b) vbeq    v0, v1, pc + 36
core   1: 3 0x8000013c (0x0200825b) c8_vstart 0x00000000 e32 m1 l32 current mask:	ffffffff current npc:	80000140 stack size: 0
core   2: 0x8000013c (0x0200825b) vbeq    v0, v1, pc + 36
core   2: 3 0x8000013c (0x0200825b) c8_vstart 0x00000000 e32 m1 l32 current mask:	ffffffff current npc:	80000140 stack size: 0
core   3: 0x8000013c (0x0200825b) vbeq    v0, v1, pc + 36
core   3: 3 0x8000013c (0x0200825b) c8_vstart 0x00000000 e32 m1 l32 current mask:	ffffffff current npc:	80000140 stack size: 0
core   0: 0x80000140 (0x5e0040d7) vmv.v.x v1, x0
core   0: 3 0x80000140 (0x5e0040d7) c8_vstart 0x00000000 e32 m1 l32 v1  ffffffff 0x00000000 00000000 00000000 00000000 00000000 00000000 00000000 00000000 00000000 00000000 00000000 00000000 00000000 00000000 00000000 00000000 00000000 00000000 00000000 00000000 00000000 00000000 00000000 00000000 00000000 00000000 00000000 00000000 00000000 00000000 00000000 00000000 
core   1: 0x80000140 (0x5e0040d7) vmv.v.x v1, x0
core   1: 3 0x80000140 (0x5e0040d7) c8_vstart 0x00000000 e32 m1 l32 v1  ffffffff 0x00000000 00000000 00000000 00000000 00000000 00000000 00000000 00000000 00000000 00000000 00000000 00000000 00000000 00000000 00000000 00000000 00000000 00000000 00000000 00000000 00000000 00000000 00000000 00000000 00000000 00000000 00000000 00000000 00000000 00000000 00000000 00000000 
core   2: 0x80000140 (0x5e0040d7) vmv.v.x v1, x0
core   2: 3 0x80000140 (0x5e0040d7) c8_vstart 0x00000000 e32 m1 l32 v1  ffffffff 0x00000000 00000000 00000000 00000000 00000000 00000000 00000000 00000000 00000000 00000000 00000000 00000000 00000000 00000000 00000000 00000000 00000000 00000000 00000000 00000000 00000000 00000000 00000000 00000000 00000000 00000000 00000000 00000000 00000000 00000000 00000000 00000000 
core   3: 0x80000140 (0x5e0040d7) vmv.v.x v1, x0
core   3: 3 0x80000140 (0x5e0040d7) c8_vstart 0x00000000 e32 m1 l32 v1  ffffffff 0x00000000 00000000 00000000 00000000 00000000 00000000 00000000 00000000 00000000 00000000 00000000 00000000 00000000 00000000 00000000 00000000 00000000 00000000 00000000 00000000 00000000 00000000 00000000 00000000 00000000 00000000 00000000 00000000 00000000 00000000 00000000 00000000 
core   0: 0x80000144 (0x00000317) auipc   x6, 0x0
core   0: 3 0x80000144 (0x00000317) x6  0x80000144
core   1: 0x80000144 (0x00000317) auipc   x6, 0x0
core   1: 3 0x80000144 (0x00000317) x6  0x80000144
core   2: 0x80000144 (0x00000317) auipc   x6, 0x0
core   2: 3 0x80000144 (0x00000317) x6  0x80000144
core   3: 0x80000144 (0x00000317) auipc   x6, 0x0
core   3: 3 0x80000144 (0x00000317) x6  0x80000144
core   0: 0x80000148 (0x0283305b) setrpc  x0, x6, 40
core   0: 3 0x80000148 (0x0283305b) c2060_rpc 0x8000016c current mask:	ffffffff current npc:	80000140 stack size: 0
core   1: 0x80000148 (0x0283305b) setrpc  x0, x6, 40
core   1: 3 0x80000148 (0x0283305b) c2060_rpc 0x8000016c current mask:	ffffffff current npc:	80000140 stack size: 0
core   2: 0x80000148 (0x0283305b) setrpc  x0, x6, 40
core   2: 3 0x80000148 (0x0283305b) c2060_rpc 0x8000016c current mask:	ffffffff current npc:	80000140 stack size: 0
core   3: 0x80000148 (0x0283305b) setrpc  x0, x6, 40
core   3: 3 0x80000148 (0x0283305b) c2060_rpc 0x8000016c current mask:	ffffffff current npc:	80000140 stack size: 0
core   0: 0x8000014c (0x00009e5b) vbne    v0, v1, pc + 28
core   0: 3 0x8000014c (0x00009e5b) c8_vstart 0x00000000 e32 m1 l32 current mask:	ffffffff current npc:	80000150 stack size: 0
core   1: 0x8000014c (0x00009e5b) vbne    v0, v1, pc + 28
core   1: 3 0x8000014c (0x00009e5b) c8_vstart 0x00000000 e32 m1 l32 current mask:	ffffffff current npc:	80000150 stack size: 0
core   2: 0x8000014c (0x00009e5b) vbne    v0, v1, pc + 28
core   2: 3 0x8000014c (0x00009e5b) c8_vstart 0x00000000 e32 m1 l32 current mask:	ffffffff current npc:	80000150 stack size: 0
core   3: 0x8000014c (0x00009e5b) vbne    v0, v1, pc + 28
core   3: 3 0x8000014c (0x00009e5b) c8_vstart 0x00000000 e32 m1 l32 current mask:	ffffffff current npc:	80000150 stack size: 0
core   0: 0x80000150 (0x02c000ef) jal     pc + 0x2c
core   0: 3 0x80000150 (0x02c000ef) x1  0x80000154
core   1: 0x80000150 (0x02c000ef) jal     pc + 0x2c
core   1: 3 0x80000150 (0x02c000ef) x1  0x80000154
core   2: 0x80000150 (0x02c000ef) jal     pc + 0x2c
core   2: 3 0x80000150 (0x02c000ef) x1  0x80000154
core   3: 0x80000150 (0x02c000ef) jal     pc + 0x2c
core   3: 3 0x80000150 (0x02c000ef) x1  0x80000154
core   0: 0x8000017c (0x00410113) addi    x2, x2, 4
core   0: 3 0x8000017c (0x00410113) x2  0x70000010
core   1: 0x8000017c (0x00410113) addi    x2, x2, 4
core   1: 3 0x8000017c (0x00410113) x2  0x70000410
core   2: 0x8000017c (0x00410113) addi    x2, x2, 4
core   2: 3 0x8000017c (0x00410113) x2  0x70000810
core   3: 0x8000017c (0x00410113) addi    x2, x2, 4
core   3: 3 0x8000017c (0x00410113) x2  0x70000c10
core   0: 0x80000180 (0xfe112e23) sw      x1, -4(x2)
core   0: 3 0x80000180 (0xfe112e23) mem 0x7000000c 0x80000154
core   1: 0x80000180 (0xfe112e23) sw      x1, -4(x2)
core   1: 3 0x80000180 (0xfe112e23) mem 0x7000040c 0x80000154
core   2: 0x80000180 (0xfe112e23) sw      x1, -4(x2)
core   2: 3 0x80000180 (0xfe112e23) mem 0x7000080c 0x80000154
core   3: 0x80000180 (0xfe112e23) sw      x1, -4(x2)
core   3: 3 0x80000180 (0xfe112e23) mem 0x70000c0c 0x80000154
core   0: 0x80000184 (0x80302573) csrr    x10, knl
core   0: 3 0x80000184 (0x80302573) x10 0x90083000
core   1: 0x80000184 (0x80302573) csrr    x10, knl
core   1: 3 0x80000184 (0x80302573) x10 0x90083000
core   2: 0x80000184 (0x80302573) csrr    x10, knl
core   2: 3 0x80000184 (0x80302573) x10 0x90083000
core   3: 0x80000184 (0x80302573) csrr    x10, knl
core   3: 3 0x80000184 (0x80302573) x10 0x90083000
core   0: 0x80000188 (0x00852283) lw      x5, 8(x10)
core   0: 3 0x80000188 (0x00852283) x5  0x00000001 mem 0x90083008
core   1: 0x80000188 (0x00852283) lw      x5, 8(x10)
core   1: 3 0x80000188 (0x00852283) x5  0x00000001 mem 0x90083008
core   2: 0x80000188 (0x00852283) lw      x5, 8(x10)
core   2: 3 0x80000188 (0x00852283) x5  0x00000001 mem 0x90083008
core   3: 0x80000188 (0x00852283) lw      x5, 8(x10)
core   3: 3 0x80000188 (0x00852283) x5  0x00000001 mem 0x90083008
core   0: 0x8000018c (0x80002373) csrr    x6, tid
core   0: 3 0x8000018c (0x80002373) x6  0x00000000
core   1: 0x8000018c (0x80002373) csrr    x6, tid
core   1: 3 0x8000018c (0x80002373) x6  0x00000020
core   2: 0x8000018c (0x80002373) csrr    x6, tid
core   2: 3 0x8000018c (0x80002373) x6  0x00000040
core   3: 0x8000018c (0x80002373) csrr    x6, tid
core   3: 3 0x8000018c (0x80002373) x6  0x00000060
core   0: 0x80000190 (0x5208a157) vid.v   v2
core   0: 3 0x80000190 (0x5208a157) c8_vstart 0x00000000 e32 m1 l32 v2  ffffffff 0x0000001f 0000001e 0000001d 0000001c 0000001b 0000001a 00000019 00000018 00000017 00000016 00000015 00000014 00000013 00000012 00000011 00000010 0000000f 0000000e 0000000d 0000000c 0000000b 0000000a 00000009 00000008 00000007 00000006 00000005 00000004 00000003 00000002 00000001 00000000 
core   1: 0x80000190 (0x5208a157) vid.v   v2
core   1: 3 0x80000190 (0x5208a157) c8_vstart 0x00000000 e32 m1 l32 v2  ffffffff 0x0000001f 0000001e 0000001d 0000001c 0000001b 0000001a 00000019 00000018 00000017 00000016 00000015 00000014 00000013 00000012 00000011 00000010 0000000f 0000000e 0000000d 0000000c 0000000b 0000000a 00000009 00000008 00000007 00000006 00000005 00000004 00000003 00000002 00000001 00000000 
core   2: 0x80000190 (0x5208a157) vid.v   v2
core   2: 3 0x80000190 (0x5208a157) c8_vstart 0x00000000 e32 m1 l32 v2  ffffffff 0x0000001f 0000001e 0000001d 0000001c 0000001b 0000001a 00000019 00000018 00000017 00000016 00000015 00000014 00000013 00000012 00000011 00000010 0000000f 0000000e 0000000d 0000000c 0000000b 0000000a 00000009 00000008 00000007 00000006 00000005 00000004 00000003 00000002 00000001 00000000 
core   3: 0x80000190 (0x5208a157) vid.v   v2
core   3: 3 0x80000190 (0x5208a157) c8_vstart 0x00000000 e32 m1 l32 v2  ffffffff 0x0000001f 0000001e 0000001d 0000001c 0000001b 0000001a 00000019 00000018 00000017 00000016 00000015 00000014 00000013 00000012 00000011 00000010 0000000f 0000000e 0000000d 0000000c 0000000b 0000000a 00000009 00000008 00000007 00000006 00000005 00000004 00000003 00000002 00000001 00000000 
core   0: 0x80000194 (0x02234057) vadd.vx v0, v2, x6
core   0: 3 0x80000194 (0x02234057) c8_vstart 0x00000000 e32 m1 l32 v0  ffffffff 0x0000001f 0000001e 0000001d 0000001c 0000001b 0000001a 00000019 00000018 00000017 00000016 00000015 00000014 00000013 00000012 00000011 00000010 0000000f 0000000e 0000000d 0000000c 0000000b 0000000a 00000009 00000008 00000007 00000006 00000005 00000004 00000003 00000002 00000001 00000000 
core   1: 0x80000194 (0x02234057) vadd.vx v0, v2, x6
core   1: 3 0x80000194 (0x02234057) c8_vstart 0x00000000 e32 m1 l32 v0  ffffffff 0x0000003f 0000003e 0000003d 0000003c 0000003b 0000003a 00000039 00000038 00000037 00000036 00000035 00000034 00000033 00000032 00000031 00000030 0000002f 0000002e 0000002d 0000002c 0000002b 0000002a 00000029 00000028 00000027 00000026 00000025 00000024 00000023 00000022 00000021 00000020 
core   2: 0x80000194 (0x02234057) vadd.vx v0, v2, x6
core   2: 3 0x80000194 (0x02234057) c8_vstart 0x00000000 e32 m1 l32 v0  ffffffff 0x0000005f 0000005e 0000005d 0000005c 0000005b 0000005a 00000059 00000058 00000057 00000056 00000055 00000054 00000053 00000052 00000051 00000050 0000004f 0000004e 0000004d 0000004c 0000004b 0000004a 00000049 00000048 00000047 00000046 00000045 00000044 00000043 00000042 00000041 00000040 
core   3: 0x80000194 (0x02234057) vadd.vx v0, v2, x6
core   3: 3 0x80000194 (0x02234057) c8_vstart 0x00000000 e32 m1 l32 v0  ffffffff 0x0000007f 0000007e 0000007d 0000007c 0000007b 0000007a 00000079 00000078 00000077 00000076 00000075 00000074 00000073 00000072 00000071 00000070 0000006f 0000006e 0000006d 0000006c 0000006b 0000006a 00000069 00000068 00000067 00000066 00000065 00000064 00000063 00000062 00000061 00000060 
core   0: 0x80000198 (0x01852e03) lw      x28, 24(x10)
core   0: 3 0x80000198 (0x01852e03) x28 0x00000080 mem 0x90083018
core   1: 0x80000198 (0x01852e03) lw      x28, 24(x10)
core   1: 3 0x80000198 (0x01852e03) x28 0x00000080 mem 0x90083018
core   2: 0x80000198 (0x01852e03) lw      x28, 24(x10)
core   2: 3 0x80000198 (0x01852e03) x28 0x00000080 mem 0x90083018
core   3: 0x80000198 (0x01852e03) lw      x28, 24(x10)
core   3: 3 0x80000198 (0x01852e03) x28 0x00000080 mem 0x90083018
core   0: 0x8000019c (0x8a0e6057) vremu.vx v0, v0, x28
core   0: 3 0x8000019c (0x8a0e6057) c8_vstart 0x00000000 e32 m1 l32 v0  ffffffff 0x0000001f 0000001e 0000001d 0000001c 0000001b 0000001a 00000019 00000018 00000017 00000016 00000015 00000014 00000013 00000012 00000011 00000010 0000000f 0000000e 0000000d 0000000c 0000000b 0000000a 00000009 00000008 00000007 00000006 00000005 00000004 00000003 00000002 00000001 00000000 
core   1: 0x8000019c (0x8a0e6057) vremu.vx v0, v0, x28
core   1: 3 0x8000019c (0x8a0e6057) c8_vstart 0x00000000 e32 m1 l32 v0  ffffffff 0x0000003f 0000003e 0000003d 0000003c 0000003b 0000003a 00000039 00000038 00000037 00000036 00000035 00000034 00000033 00000032 00000031 00000030 0000002f 0000002e 0000002d 0000002c 0000002b 0000002a 00000029 00000028 00000027 00000026 00000025 00000024 00000023 00000022 00000021 00000020 
core   2: 0x8000019c (0x8a0e6057) vremu.vx v0, v0, x28
core   2: 3 0x8000019c (0x8a0e6057) c8_vstart 0x00000000 e32 m1 l32 v0  ffffffff 0x0000005f 0000005e 0000005d 0000005c 0000005b 0000005a 00000059 00000058 00000057 00000056 00000055 00000054 00000053 00000052 00000051 00000050 0000004f 0000004e 0000004d 0000004c 0000004b 0000004a 00000049 00000048 00000047 00000046 00000045 00000044 00000043 00000042 00000041 00000040 
core   3: 0x8000019c (0x8a0e6057) vremu.vx v0, v0, x28
core   3: 3 0x8000019c (0x8a0e6057) c8_vstart 0x00000000 e32 m1 l32 v0  ffffffff 0x0000007f 0000007e 0000007d 0000007c 0000007b 0000007a 00000079 00000078 00000077 00000076 00000075 00000074 00000073 00000072 00000071 00000070 0000006f 0000006e 0000006d 0000006c 0000006b 0000006a 00000069 00000068 00000067 00000066 00000065 00000064 00000063 00000062 00000061 00000060 
core   0: 0x800001a0 (0xffc12083) lw      x1, -4(x2)
core   0: 3 0x800001a0 (0xffc12083) x1  0x80000154 mem 0x7000000c
core   1: 0x800001a0 (0xffc12083) lw      x1, -4(x2)
core   1: 3 0x800001a0 (0xffc12083) x1  0x80000154 mem 0x7000040c
core   2: 0x800001a0 (0xffc12083) lw      x1, -4(x2)
core   2: 3 0x800001a0 (0xffc12083) x1  0x80000154 mem 0x7000080c
core   3: 0x800001a0 (0xffc12083) lw      x1, -4(x2)
core   3: 3 0x800001a0 (0xffc12083) x1  0x80000154 mem 0x70000c0c
core   0: 0x800001a4 (0xffc10113) addi    x2, x2, -4
core   0: 3 0x800001a4 (0xffc10113) x2  0x7000000c
core   1: 0x800001a4 (0xffc10113) addi    x2, x2, -4
core   1: 3 0x800001a4 (0xffc10113) x2  0x7000040c
core   2: 0x800001a4 (0xffc10113) addi    x2, x2, -4
core   2: 3 0x800001a4 (0xffc10113) x2  0x7000080c
core   3: 0x800001a4 (0xffc10113) addi    x2, x2, -4
core   3: 3 0x800001a4 (0xffc10113) x2  0x70000c0c
core   0: 0x800001a8 (0x00008067) ret
core   0: 3 0x800001a8 (0x00008067)
core   1: 0x800001a8 (0x00008067) ret
core   1: 3 0x800001a8 (0x00008067)
core   2: 0x800001a8 (0x00008067) ret
core   2: 3 0x800001a8 (0x00008067)
core   3: 0x800001a8 (0x00008067) ret
core   3: 3 0x800001a8 (0x00008067)
core   0: 0x80000154 (0x0180006f) j       pc + 0x18
core   0: 3 0x80000154 (0x0180006f)
core   1: 0x80000154 (0x0180006f) j       pc + 0x18
core   1: 3 0x80000154 (0x0180006f)
core   2: 0x80000154 (0x0180006f) j       pc + 0x18
core   2: 3 0x80000154 (0x0180006f)
core   3: 0x80000154 (0x0180006f) j       pc + 0x18
core   3: 3 0x80000154 (0x0180006f)
core   0: 0x8000016c (0x0000205b) join    v0, v0, pc + 0
core   0: 3 0x8000016c (0x0000205b) current mask:	ffffffff current npc:	80000150 stack size: 0
core   1: 0x8000016c (0x0000205b) join    v0, v0, pc + 0
core   1: 3 0x8000016c (0x0000205b) current mask:	ffffffff current npc:	80000150 stack size: 0
core   2: 0x8000016c (0x0000205b) join    v0, v0, pc + 0
core   2: 3 0x8000016c (0x0000205b) current mask:	ffffffff current npc:	80000150 stack size: 0
core   3: 0x8000016c (0x0000205b) join    v0, v0, pc + 0
core   3: 3 0x8000016c (0x0000205b) current mask:	ffffffff current npc:	80000150 stack size: 0
core   0: 0x80000170 (0xffc12083) lw      x1, -4(x2)
core   0: 3 0x80000170 (0xffc12083) x1  0x800000d0 mem 0x70000008
core   1: 0x80000170 (0xffc12083) lw      x1, -4(x2)
core   1: 3 0x80000170 (0xffc12083) x1  0x800000d0 mem 0x70000408
core   2: 0x80000170 (0xffc12083) lw      x1, -4(x2)
core   2: 3 0x80000170 (0xffc12083) x1  0x800000d0 mem 0x70000808
core   3: 0x80000170 (0xffc12083) lw      x1, -4(x2)
core   3: 3 0x80000170 (0xffc12083) x1  0x800000d0 mem 0x70000c08
core   0: 0x80000174 (0xffc10113) addi    x2, x2, -4
core   0: 3 0x80000174 (0xffc10113) x2  0x70000008
core   1: 0x80000174 (0xffc10113) addi    x2, x2, -4
core   1: 3 0x80000174 (0xffc10113) x2  0x70000408
core   2: 0x80000174 (0xffc10113) addi    x2, x2, -4
core   2: 3 0x80000174 (0xffc10113) x2  0x70000808
core   3: 0x80000174 (0xffc10113) addi    x2, x2, -4
core   3: 3 0x80000174 (0xffc10113) x2  0x70000c08
core   0: 0x80000178 (0x00008067) ret
core   0: 3 0x80000178 (0x00008067)
core   1: 0x80000178 (0x00008067) ret
core   1: 3 0x80000178 (0x00008067)
core   2: 0x80000178 (0x00008067) ret
core   2: 3 0x80000178 (0x00008067)
core   3: 0x80000178 (0x00008067) ret
core   3: 3 0x80000178 (0x00008067)
core   0: 0x800000d0 (0x5e0040d7) vmv.v.x v1, x0
core   0: 3 0x800000d0 (0x5e0040d7) c8_vstart 0x00000000 e32 m1 l32 v1  ffffffff 0x00000000 00000000 00000000 00000000 00000000 00000000 00000000 00000000 00000000 00000000 00000000 00000000 00000000 00000000 00000000 00000000 00000000 00000000 00000000 00000000 00000000 00000000 00000000 00000000 00000000 00000000 00000000 00000000 00000000 00000000 00000000 00000000 
core   1: 0x800000d0 (0x5e0040d7) vmv.v.x v1, x0
core   1: 3 0x800000d0 (0x5e0040d7) c8_vstart 0x00000000 e32 m1 l32 v1  ffffffff 0x00000000 00000000 00000000 00000000 00000000 00000000 00000000 00000000 00000000 00000000 00000000 00000000 00000000 00000000 00000000 00000000 00000000 00000000 00000000 00000000 00000000 00000000 00000000 00000000 00000000 00000000 00000000 00000000 00000000 00000000 00000000 00000000 
core   2: 0x800000d0 (0x5e0040d7) vmv.v.x v1, x0
core   2: 3 0x800000d0 (0x5e0040d7) c8_vstart 0x00000000 e32 m1 l32 v1  ffffffff 0x00000000 00000000 00000000 00000000 00000000 00000000 00000000 00000000 00000000 00000000 00000000 00000000 00000000 00000000 00000000 00000000 00000000 00000000 00000000 00000000 00000000 00000000 00000000 00000000 00000000 00000000 00000000 00000000 00000000 00000000 00000000 00000000 
core   3: 0x800000d0 (0x5e0040d7) vmv.v.x v1, x0
core   3: 3 0x800000d0 (0x5e0040d7) c8_vstart 0x00000000 e32 m1 l32 v1  ffffffff 0x00000000 00000000 00000000 00000000 00000000 00000000 00000000 00000000 00000000 00000000 00000000 00000000 00000000 00000000 00000000 00000000 00000000 00000000 00000000 00000000 00000000 00000000 00000000 00000000 00000000 00000000 00000000 00000000 00000000 00000000 00000000 00000000 
core   0: 0x800000d4 (0x0400c00b) barrier x0, x0, 1
core   0: 3 0x800000d4 (0x0400c00b)
core   1: 0x800000d4 (0x0400c00b) barrier x0, x0, 1
core   1: 3 0x800000d4 (0x0400c00b)
core   2: 0x800000d4 (0x0400c00b) barrier x0, x0, 1
core   2: 3 0x800000d4 (0x0400c00b)
core   3: 0x800000d4 (0x0400c00b) barrier x0, x0, 1
core   3: 3 0x800000d4 (0x0400c00b)
core   0: 3 0x800000d4 (0x0400c00b)
core   1: 3 0x800000d4 (0x0400c00b)
core   2: 3 0x800000d4 (0x0400c00b)
core   3: 0x800000d8 (0x00000317) auipc   x6, 0x0
core   3: 3 0x800000d8 (0x00000317) x6  0x800000d8
core   0: Executed 2 times
core   0: 0x800000d8 (0x00000317) auipc   x6, 0x0
core   0: 3 0x800000d8 (0x00000317) x6  0x800000d8
core   1: Executed 2 times
core   1: 0x800000d8 (0x00000317) auipc   x6, 0x0
core   1: 3 0x800000d8 (0x00000317) x6  0x800000d8
core   2: Executed 2 times
core   2: 0x800000d8 (0x00000317) auipc   x6, 0x0
core   2: 3 0x800000d8 (0x00000317) x6  0x800000d8
core   3: 0x800000dc (0x0243305b) setrpc  x0, x6, 36
core   3: 3 0x800000dc (0x0243305b) c2060_rpc 0x800000fc current mask:	ffffffff current npc:	80000150 stack size: 0
core   0: 0x800000dc (0x0243305b) setrpc  x0, x6, 36
core   0: 3 0x800000dc (0x0243305b) c2060_rpc 0x800000fc current mask:	ffffffff current npc:	80000150 stack size: 0
core   1: 0x800000dc (0x0243305b) setrpc  x0, x6, 36
core   1: 3 0x800000dc (0x0243305b) c2060_rpc 0x800000fc current mask:	ffffffff current npc:	80000150 stack size: 0
core   2: 0x800000dc (0x0243305b) setrpc  x0, x6, 36
core   2: 3 0x800000dc (0x0243305b) c2060_rpc 0x800000fc current mask:	ffffffff current npc:	80000150 stack size: 0
core   3: 0x800000e0 (0x00009e5b) vbne    v0, v1, pc + 28
core   3: 3 0x800000e0 (0x00009e5b) c8_vstart 0x00000000 e32 m1 l32 current mask:	ffffffff current npc:	800000fc stack size: 0
core   0: 0x800000e0 (0x00009e5b) vbne    v0, v1, pc + 28
core   0: 3 0x800000e0 (0x00009e5b) c8_vstart 0x00000000 e32 m1 l32 current mask:	00000001 current npc:	800000e4 stack size: 2
[r_pc] 800000fc [else_pc] 800000fc [else_mask] fffffffe 
[r_pc] 800000fc [else_pc] 800000fc [else_mask] ffffffff 
core   1: 0x800000e0 (0x00009e5b) vbne    v0, v1, pc + 28
core   1: 3 0x800000e0 (0x00009e5b) c8_vstart 0x00000000 e32 m1 l32 current mask:	ffffffff current npc:	800000fc stack size: 0
core   2: 0x800000e0 (0x00009e5b) vbne    v0, v1, pc + 28
core   2: 3 0x800000e0 (0x00009e5b) c8_vstart 0x00000000 e32 m1 l32 current mask:	ffffffff current npc:	800000fc stack size: 0
core   3: 0x800000fc (0x0000205b) join    v0, v0, pc + 0
core   3: 3 0x800000fc (0x0000205b) current mask:	ffffffff current npc:	800000fc stack size: 0
core   0: 0x800000e4 (0xffc12283) lw      x5, -4(x2)
core   0: 3 0x800000e4 (0xffc12283) x5  0x90002000 mem 0x70000004
core   1: 0x800000fc (0x0000205b) join    v0, v0, pc + 0
core   1: 3 0x800000fc (0x0000205b) current mask:	ffffffff current npc:	800000fc stack size: 0
core   2: 0x800000fc (0x0000205b) join    v0, v0, pc + 0
core   2: 3 0x800000fc (0x0000205b) current mask:	ffffffff current npc:	800000fc stack size: 0
core   3: 0x80000100 (0xff812083) lw      x1, -8(x2)
core   3: 3 0x80000100 (0xff812083) x1  0x800000a0 mem 0x70000c00
core   0: 0x800000e8 (0x0002a283) lw      x5, 0(x5)
core   0: 3 0x800000e8 (0x0002a283) x5  0x90000000 mem 0x90002000
core   1: 0x80000100 (0xff812083) lw      x1, -8(x2)
core   1: 3 0x80000100 (0xff812083) x1  0x800000a0 mem 0x70000400
core   2: 0x80000100 (0xff812083) lw      x1, -8(x2)
core   2: 3 0x80000100 (0xff812083) x1  0x800000a0 mem 0x70000800
core   3: 0x80000104 (0xff810113) addi    x2, x2, -8
core   3: 3 0x80000104 (0xff810113) x2  0x70000c00
core   0: 0x800000ec (0xe0040313) addi    x6, x8, -512
core   0: 3 0x800000ec (0xe0040313) x6  0x70001000
core   1: 0x80000104 (0xff810113) addi    x2, x2, -8
core   1: 3 0x80000104 (0xff810113) x2  0x70000400
core   2: 0x80000104 (0xff810113) addi    x2, x2, -8
core   2: 3 0x80000104 (0xff810113) x2  0x70000800
core   3: 0x80000108 (0xe0040413) addi    x8, x8, -512
core   3: 3 0x80000108 (0xe0040413) x8  0x70001000
core   0: 0x800000f0 (0x01000393) li      x7, 16
core   0: 3 0x800000f0 (0x01000393) x7  0x00000010
core   1: 0x80000108 (0xe0040413) addi    x8, x8, -512
core   1: 3 0x80000108 (0xe0040413) x8  0x70001000
core   2: 0x80000108 (0xe0040413) addi    x8, x8, -512
core   2: 3 0x80000108 (0xe0040413) x8  0x70001000
core   3: 0x8000010c (0x00008067) ret
core   3: 3 0x8000010c (0x00008067)
core   0: 0x800000f4 (0x5e034057) vmv.v.x v0, x6
core   0: 3 0x800000f4 (0x5e034057) c8_vstart 0x00000000 e32 m1 l32 v0  00000001 0x0000001f 0000001e 0000001d 0000001c 0000001b 0000001a 00000019 00000018 00000017 00000016 00000015 00000014 00000013 00000012 00000011 00000010 0000000f 0000000e 0000000d 0000000c 0000000b 0000000a 00000009 00000008 00000007 00000006 00000005 00000004 00000003 00000002 00000001 70001000 
core   1: 0x8000010c (0x00008067) ret
core   1: 3 0x8000010c (0x00008067)
core   2: 0x8000010c (0x00008067) ret
core   2: 3 0x8000010c (0x00008067)
core   3: 0x800000a0 (0x0000400b) endprg  x0, x0, x0
core   3: 3 0x800000a0 (0x0000400b)
core   0: 0x800000f8 (0x00008042) c.mv    x0, x16
core   0: 3 0x800000f8 (0x8042)
core   1: 0x800000a0 (0x0000400b) endprg  x0, x0, x0
core   1: 3 0x800000a0 (0x0000400b)
core   2: 0x800000a0 (0x0000400b) endprg  x0, x0, x0
core   2: 3 0x800000a0 (0x0000400b)
core   0: 0x800000fa (0x00000472) c.slli  x8, 28
core   0: 3 0x800000fa (0x0472) x8  0x00000000
core   0: 0x800000fc (0x0000205b) join    v0, v0, pc + 0
core   0: 3 0x800000fc (0x0000205b) current mask:	fffffffe current npc:	800000fc stack size: 1
[r_pc] 800000fc [else_pc] 800000fc [else_mask] ffffffff 
core   0: 3 0x800000fc (0x0000205b) current mask:	ffffffff current npc:	800000fc stack size: 0
core   0: 3 0x800000fc (0x0000205b) current mask:	ffffffff current npc:	800000fc stack size: 0
core   0: Executed 3 times
core   0: 0x80000100 (0xff812083) lw      x1, -8(x2)
core   0: 3 0x80000100 (0xff812083) x1  0x800000a0 mem 0x70000000
core   0: 0x80000104 (0xff810113) addi    x2, x2, -8
core   0: 3 0x80000104 (0xff810113) x2  0x70000000
core   0: 0x80000108 (0xe0040413) addi    x8, x8, -512
core   0: 3 0x80000108 (0xe0040413) x8  0xfffffe00
core   0: 0x8000010c (0x00008067) ret
core   0: 3 0x8000010c (0x00008067)
core   0: 0x800000a0 (0x0000400b) endprg  x0, x0, x0
core   0: 3 0x800000a0 (0x0000400b)
core   0: 0x800000a4 (0x0040006f) j       pc + 0x4
core   0: 3 0x800000a4 (0x0040006f)
core   0: 0x800000a8 (0x00100313) li      x6, 1
core   0: 3 0x800000a8 (0x00100313) x6  0x00000001
core   0: 0x800000ac (0x00001297) auipc   x5, 0x1
core   0: 3 0x800000ac (0x00001297) x5  0x800010ac
core   0: 0x800000b0 (0xf5428293) addi    x5, x5, -172
core   0: 3 0x800000b0 (0xf5428293) x5  0x80001000
core   0: 0x800000b4 (0x0062a023) sw      x6, 0(x5)
core   0: 3 0x800000b4 (0x0062a023) mem 0x80001000 0x00000001
